<?xml version="1.0" encoding="UTF-8"?>
<!-- Generated by org.testng.reporters.JUnitReportReporter -->
<testsuite skipped="0" hostname="hgrid20.icesi.edu.co" name="com.testNg.spring.TestNgApplicationTests" tests="6" failures="0" timestamp="2020-02-28T10:40:33 COT" time="0.018" errors="0">
  <testcase name="testSaveOrder" time="0.003" classname="com.testNg.spring.TestNgApplicationTests"/>
  <system-out/>
  <testcase name="testCreateOrderExceptionOrderSave" time="0.002" classname="com.testNg.spring.TestNgApplicationTests"/>
  <system-out/>
  <testcase name="testUpdateOrderExceptionOrderNull" time="0.002" classname="com.testNg.spring.TestNgApplicationTests"/>
  <system-out/>
  <testcase name="testCreateOrderExceptionOrderNull" time="0.004" classname="com.testNg.spring.TestNgApplicationTests"/>
  <system-out/>
  <testcase name="testUpdateOrder" time="0.005" classname="com.testNg.spring.TestNgApplicationTests"/>
  <system-out/>
  <testcase name="testUpdateOrderExceptionOrderNotExists" time="0.002" classname="com.testNg.spring.TestNgApplicationTests"/>
  <system-out/>
</testsuite> <!-- com.testNg.spring.TestNgApplicationTests -->
