<?xml version="1.0" encoding="UTF-8"?>
<!-- Generated by org.testng.reporters.JUnitReportReporter -->
<testsuite skipped="0" hostname="hgrid20.icesi.edu.co" name="com.testNg.spring.GroupTest" tests="1" failures="0" timestamp="2020-02-28T10:50:41 COT" time="0.008" errors="0">
  <testcase name="testMethod3" time="0.008" classname="com.testNg.spring.GroupTest"/>
  <system-out/>
</testsuite> <!-- com.testNg.spring.GroupTest -->
