<?xml version="1.0" encoding="UTF-8"?>
<!-- Generated by org.testng.reporters.JUnitReportReporter -->
<testsuite skipped="0" hostname="hgrid20.icesi.edu.co" name="com.testNg.spring.TestDummy" tests="5" failures="0" timestamp="2020-02-28T10:52:27 COT" time="0.012" errors="0">
  <testcase name="dummy3" time="0.003" classname="com.testNg.spring.TestDummy"/>
  <system-out/>
  <testcase name="dummy1" time="0.005" classname="com.testNg.spring.TestDummy"/>
  <system-out/>
  <testcase name="dummy2" time="0.002" classname="com.testNg.spring.TestDummy"/>
  <system-out/>
  <testcase name="dummy5" time="0.000" classname="com.testNg.spring.TestDummy"/>
  <system-out/>
  <testcase name="dummy4" time="0.002" classname="com.testNg.spring.TestDummy"/>
  <system-out/>
</testsuite> <!-- com.testNg.spring.TestDummy -->
